<?xml version="1.0" encoding="UTF-8"?>
<testng-results ignored="0" total="1" passed="1" failed="0" skipped="0">
  <reporter-output>
  </reporter-output>
  <suite started-at="2024-01-25T16:45:56 IST" name="Default suite" finished-at="2024-01-25T16:46:04 IST" duration-ms="7963">
    <groups>
    </groups>
    <test started-at="2024-01-25T16:45:56 IST" name="Default test" finished-at="2024-01-25T16:46:04 IST" duration-ms="7963">
      <class name="com.simplilearn.selenium_scripts.AddProductsToCartPage">
        <test-method is-config="true" signature="setUp()[pri:0, instance:com.simplilearn.selenium_scripts.AddProductsToCartPage@53ce1329]" started-at="2024-01-25T16:45:56 IST" name="setUp" finished-at="2024-01-25T16:45:58 IST" duration-ms="1637" status="PASS">
          <reporter-output>
          </reporter-output>
        </test-method> <!-- setUp -->
        <test-method signature="testloginpage()[pri:1, instance:com.simplilearn.selenium_scripts.AddProductsToCartPage@53ce1329]" started-at="2024-01-25T16:45:58 IST" name="testloginpage" description="To test Add to cart Page" finished-at="2024-01-25T16:46:04 IST" duration-ms="6281" status="PASS">
          <reporter-output>
          </reporter-output>
        </test-method> <!-- testloginpage -->
      </class> <!-- com.simplilearn.selenium_scripts.AddProductsToCartPage -->
    </test> <!-- Default test -->
  </suite> <!-- Default suite -->
</testng-results>
