<?xml version="1.0" encoding="UTF-8"?>
<testng-results ignored="0" total="1" passed="1" failed="0" skipped="0">
  <reporter-output>
  </reporter-output>
  <suite started-at="2024-01-25T13:58:40 IST" name="Default suite" finished-at="2024-01-25T13:58:41 IST" duration-ms="1454">
    <groups>
    </groups>
    <test started-at="2024-01-25T13:58:40 IST" name="Default test" finished-at="2024-01-25T13:58:41 IST" duration-ms="1454">
      <class name="com.simplilearn.restassured.UpdateProduct">
        <test-method signature="testGetProduct()[pri:0, instance:com.simplilearn.restassured.UpdateProduct@2d52216b]" started-at="2024-01-25T13:58:40 IST" name="testGetProduct" description="Test to update the product in the store" finished-at="2024-01-25T13:58:41 IST" duration-ms="1422" status="PASS">
          <reporter-output>
          </reporter-output>
        </test-method> <!-- testGetProduct -->
      </class> <!-- com.simplilearn.restassured.UpdateProduct -->
    </test> <!-- Default test -->
  </suite> <!-- Default suite -->
</testng-results>
